{
  "stats": {
    "suites": 1,
    "tests": 4,
    "passes": 4,
    "pending": 0,
    "failures": 0,
    "start": "2019-07-16T20:59:39.836Z",
    "end": "2019-07-16T20:59:55.395Z",
    "duration": 15559,
    "testsRegistered": 4,
    "passPercent": 100,
    "pendingPercent": 0,
    "other": 0,
    "hasOther": false,
    "skipped": 0,
    "hasSkipped": false
  },
  "results": [
    {
      "uuid": "b7e284ba-219d-4c72-bead-e92734712b96",
      "title": "",
      "fullFile": "",
      "file": "",
      "beforeHooks": [],
      "afterHooks": [],
      "tests": [],
      "suites": [
        {
          "uuid": "eaa3b86b-e335-44b4-8f7d-d75ccb9154c8",
          "title": "Inspira QA",
          "fullFile": "",
          "file": "",
          "beforeHooks": [],
          "afterHooks": [],
          "tests": [
            {
              "title": "Visitar Quem Somos",
              "fullTitle": "Inspira QA Visitar Quem Somos",
              "timedOut": null,
              "duration": 3317,
              "state": "passed",
              "speed": "slow",
              "pass": true,
              "fail": false,
              "pending": false,
              "context": null,
              "code": "if (backgroundSection) {\n  backgroundSection.steps.forEach(step => stepTest.call(this, step));\n}\nscenario.steps.forEach(step => stepTest.call(this, step));",
              "err": {},
              "uuid": "779dbfec-8c37-427b-b9a5-7a8605ee2757",
              "parentUUID": "eaa3b86b-e335-44b4-8f7d-d75ccb9154c8",
              "isHook": false,
              "skipped": false
            },
            {
              "title": "Visitar Carrinho vazio",
              "fullTitle": "Inspira QA Visitar Carrinho vazio",
              "timedOut": null,
              "duration": 3127,
              "state": "passed",
              "speed": "slow",
              "pass": true,
              "fail": false,
              "pending": false,
              "context": null,
              "code": "if (backgroundSection) {\n  backgroundSection.steps.forEach(step => stepTest.call(this, step));\n}\nscenario.steps.forEach(step => stepTest.call(this, step));",
              "err": {},
              "uuid": "39ab5376-32b4-4189-9abd-e5dcf75715c6",
              "parentUUID": "eaa3b86b-e335-44b4-8f7d-d75ccb9154c8",
              "isHook": false,
              "skipped": false
            },
            {
              "title": "Visitar Minha Conta deslogado",
              "fullTitle": "Inspira QA Visitar Minha Conta deslogado",
              "timedOut": null,
              "duration": 3385,
              "state": "passed",
              "speed": "slow",
              "pass": true,
              "fail": false,
              "pending": false,
              "context": null,
              "code": "if (backgroundSection) {\n  backgroundSection.steps.forEach(step => stepTest.call(this, step));\n}\nscenario.steps.forEach(step => stepTest.call(this, step));",
              "err": {},
              "uuid": "73335401-1065-427a-81e5-6a2d56624dad",
              "parentUUID": "eaa3b86b-e335-44b4-8f7d-d75ccb9154c8",
              "isHook": false,
              "skipped": false
            },
            {
              "title": "Visitar Fale Conosco",
              "fullTitle": "Inspira QA Visitar Fale Conosco",
              "timedOut": null,
              "duration": 1805,
              "state": "passed",
              "speed": "slow",
              "pass": true,
              "fail": false,
              "pending": false,
              "context": null,
              "code": "if (backgroundSection) {\n  backgroundSection.steps.forEach(step => stepTest.call(this, step));\n}\nscenario.steps.forEach(step => stepTest.call(this, step));",
              "err": {},
              "uuid": "1536ddd0-2d9d-47f1-a942-39a7d1707c10",
              "parentUUID": "eaa3b86b-e335-44b4-8f7d-d75ccb9154c8",
              "isHook": false,
              "skipped": false
            }
          ],
          "suites": [],
          "passes": [
            "779dbfec-8c37-427b-b9a5-7a8605ee2757",
            "39ab5376-32b4-4189-9abd-e5dcf75715c6",
            "73335401-1065-427a-81e5-6a2d56624dad",
            "1536ddd0-2d9d-47f1-a942-39a7d1707c10"
          ],
          "failures": [],
          "pending": [],
          "skipped": [],
          "duration": 11634,
          "root": false,
          "rootEmpty": false,
          "_timeout": 2000
        }
      ],
      "passes": [],
      "failures": [],
      "pending": [],
      "skipped": [],
      "duration": 0,
      "root": true,
      "rootEmpty": true,
      "_timeout": 2000
    }
  ],
  "meta": {
    "mocha": {
      "version": "5.2.0"
    },
    "mochawesome": {
      "options": {
        "quiet": false,
        "reportFilename": "mochawesome",
        "saveHtml": true,
        "saveJson": true,
        "useInlineDiffs": false
      },
      "version": "4.0.1"
    },
    "marge": {
      "options": {
        "overwrite": true,
        "html": true,
        "json": true
      },
      "version": "4.0.1"
    }
  }
}